nohup: ignoring input

  .   ____          _            __ _ _
 /\\ / ___'_ __ _ _(_)_ __  __ _ \ \ \ \
( ( )\___ | '_ | '_| | '_ \/ _` | \ \ \ \
 \\/  ___)| |_)| | | | | || (_| |  ) ) ) )
  '  |____| .__|_| |_|_| |_\__, | / / / /
 =========|_|==============|___/=/_/_/_/
 :: Spring Boot ::                (v3.1.5)

2025-10-24T10:57:19.753+05:30  INFO 15937 --- [           main] c.w.e.EmployeeManagementApplication      : Starting EmployeeManagementApplication v1.0.0 using Java 21.0.8 with PID 15937 (/home/albinsphilip/Desktop/proj/WorkSphere/backend/target/worksphere-1.0.0.jar started by albinsphilip in /home/albinsphilip/Desktop/proj/WorkSphere/backend)
2025-10-24T10:57:19.756+05:30  INFO 15937 --- [           main] c.w.e.EmployeeManagementApplication      : No active profile set, falling back to 1 default profile: "default"
2025-10-24T10:57:20.348+05:30  INFO 15937 --- [           main] .s.d.r.c.RepositoryConfigurationDelegate : Bootstrapping Spring Data JPA repositories in DEFAULT mode.
2025-10-24T10:57:20.391+05:30  INFO 15937 --- [           main] .s.d.r.c.RepositoryConfigurationDelegate : Finished Spring Data repository scanning in 37 ms. Found 1 JPA repository interfaces.
2025-10-24T10:57:20.879+05:30  INFO 15937 --- [           main] o.s.b.w.embedded.tomcat.TomcatWebServer  : Tomcat initialized with port(s): 8080 (http)
2025-10-24T10:57:20.885+05:30  INFO 15937 --- [           main] o.apache.catalina.core.StandardService   : Starting service [Tomcat]
2025-10-24T10:57:20.885+05:30  INFO 15937 --- [           main] o.apache.catalina.core.StandardEngine    : Starting Servlet engine: [Apache Tomcat/10.1.15]
2025-10-24T10:57:20.938+05:30  INFO 15937 --- [           main] o.a.c.c.C.[Tomcat].[localhost].[/]       : Initializing Spring embedded WebApplicationContext
2025-10-24T10:57:20.939+05:30  INFO 15937 --- [           main] w.s.c.ServletWebServerApplicationContext : Root WebApplicationContext: initialization completed in 1144 ms
2025-10-24T10:57:21.113+05:30  INFO 15937 --- [           main] o.hibernate.jpa.internal.util.LogHelper  : HHH000204: Processing PersistenceUnitInfo [name: default]
2025-10-24T10:57:21.160+05:30  INFO 15937 --- [           main] org.hibernate.Version                    : HHH000412: Hibernate ORM core version 6.2.13.Final
2025-10-24T10:57:21.162+05:30  INFO 15937 --- [           main] org.hibernate.cfg.Environment            : HHH000406: Using bytecode reflection optimizer
2025-10-24T10:57:21.382+05:30  INFO 15937 --- [           main] o.s.o.j.p.SpringPersistenceUnitInfo      : No LoadTimeWeaver setup: ignoring JPA class transformer
2025-10-24T10:57:21.406+05:30  INFO 15937 --- [           main] com.zaxxer.hikari.HikariDataSource       : HikariPool-1 - Starting...
2025-10-24T10:57:21.700+05:30  INFO 15937 --- [           main] com.zaxxer.hikari.pool.HikariPool        : HikariPool-1 - Added connection org.postgresql.jdbc.PgConnection@512d4583
2025-10-24T10:57:21.701+05:30  INFO 15937 --- [           main] com.zaxxer.hikari.HikariDataSource       : HikariPool-1 - Start completed.
2025-10-24T10:57:21.726+05:30  WARN 15937 --- [           main] org.hibernate.orm.deprecation            : HHH90000025: PostgreSQLDialect does not need to be specified explicitly using 'hibernate.dialect' (remove the property setting and it will be selected by default)
2025-10-24T10:57:22.405+05:30  INFO 15937 --- [           main] o.h.e.t.j.p.i.JtaPlatformInitiator       : HHH000489: No JTA platform available (set 'hibernate.transaction.jta.platform' to enable JTA platform integration)
2025-10-24T10:57:22.440+05:30  INFO 15937 --- [           main] j.LocalContainerEntityManagerFactoryBean : Initialized JPA EntityManagerFactory for persistence unit 'default'
2025-10-24T10:57:22.734+05:30  INFO 15937 --- [           main] o.s.d.j.r.query.QueryEnhancerFactory     : Hibernate is in classpath; If applicable, HQL parser will be used.
2025-10-24T10:57:23.202+05:30  WARN 15937 --- [           main] JpaBaseConfiguration$JpaWebConfiguration : spring.jpa.open-in-view is enabled by default. Therefore, database queries may be performed during view rendering. Explicitly configure spring.jpa.open-in-view to disable this warning
2025-10-24T10:57:23.449+05:30  INFO 15937 --- [           main] o.s.b.w.embedded.tomcat.TomcatWebServer  : Tomcat started on port(s): 8080 (http) with context path ''
2025-10-24T10:57:23.459+05:30  INFO 15937 --- [           main] c.w.e.EmployeeManagementApplication      : Started EmployeeManagementApplication in 4.06 seconds (process running for 4.464)
2025-10-24T10:57:48.950+05:30  INFO 15937 --- [nio-8080-exec-1] o.a.c.c.C.[Tomcat].[localhost].[/]       : Initializing Spring DispatcherServlet 'dispatcherServlet'
2025-10-24T10:57:48.950+05:30  INFO 15937 --- [nio-8080-exec-1] o.s.web.servlet.DispatcherServlet        : Initializing Servlet 'dispatcherServlet'
2025-10-24T10:57:48.951+05:30  INFO 15937 --- [nio-8080-exec-1] o.s.web.servlet.DispatcherServlet        : Completed initialization in 1 ms
2025-10-24T10:57:49.021+05:30 DEBUG 15937 --- [nio-8080-exec-1] org.hibernate.SQL                        : 
    select
        e1_0.id,
        e1_0.address,
        e1_0.department,
        e1_0.email,
        e1_0.first_name,
        e1_0.hire_date,
        e1_0.last_name,
        e1_0.phone,
        e1_0.position,
        e1_0.salary,
        e1_0.status 
    from
        employees e1_0
Hibernate: 
    select
        e1_0.id,
        e1_0.address,
        e1_0.department,
        e1_0.email,
        e1_0.first_name,
        e1_0.hire_date,
        e1_0.last_name,
        e1_0.phone,
        e1_0.position,
        e1_0.salary,
        e1_0.status 
    from
        employees e1_0
2025-10-24T10:58:21.517+05:30 DEBUG 15937 --- [nio-8080-exec-2] org.hibernate.SQL                        : 
    select
        e1_0.id,
        e1_0.address,
        e1_0.department,
        e1_0.email,
        e1_0.first_name,
        e1_0.hire_date,
        e1_0.last_name,
        e1_0.phone,
        e1_0.position,
        e1_0.salary,
        e1_0.status 
    from
        employees e1_0
Hibernate: 
    select
        e1_0.id,
        e1_0.address,
        e1_0.department,
        e1_0.email,
        e1_0.first_name,
        e1_0.hire_date,
        e1_0.last_name,
        e1_0.phone,
        e1_0.position,
        e1_0.salary,
        e1_0.status 
    from
        employees e1_0
2025-10-24T10:58:21.523+05:30 DEBUG 15937 --- [nio-8080-exec-3] org.hibernate.SQL                        : 
    select
        e1_0.id,
        e1_0.address,
        e1_0.department,
        e1_0.email,
        e1_0.first_name,
        e1_0.hire_date,
        e1_0.last_name,
        e1_0.phone,
        e1_0.position,
        e1_0.salary,
        e1_0.status 
    from
        employees e1_0
Hibernate: 
    select
        e1_0.id,
        e1_0.address,
        e1_0.department,
        e1_0.email,
        e1_0.first_name,
        e1_0.hire_date,
        e1_0.last_name,
        e1_0.phone,
        e1_0.position,
        e1_0.salary,
        e1_0.status 
    from
        employees e1_0
2025-10-24T11:02:59.426+05:30 DEBUG 15937 --- [nio-8080-exec-6] org.hibernate.SQL                        : 
    select
        e1_0.id,
        e1_0.address,
        e1_0.department,
        e1_0.email,
        e1_0.first_name,
        e1_0.hire_date,
        e1_0.last_name,
        e1_0.phone,
        e1_0.position,
        e1_0.salary,
        e1_0.status 
    from
        employees e1_0
Hibernate: 
    select
        e1_0.id,
        e1_0.address,
        e1_0.department,
        e1_0.email,
        e1_0.first_name,
        e1_0.hire_date,
        e1_0.last_name,
        e1_0.phone,
        e1_0.position,
        e1_0.salary,
        e1_0.status 
    from
        employees e1_0
2025-10-24T11:02:59.426+05:30 DEBUG 15937 --- [nio-8080-exec-7] org.hibernate.SQL                        : 
    select
        e1_0.id,
        e1_0.address,
        e1_0.department,
        e1_0.email,
        e1_0.first_name,
        e1_0.hire_date,
        e1_0.last_name,
        e1_0.phone,
        e1_0.position,
        e1_0.salary,
        e1_0.status 
    from
        employees e1_0
Hibernate: 
    select
        e1_0.id,
        e1_0.address,
        e1_0.department,
        e1_0.email,
        e1_0.first_name,
        e1_0.hire_date,
        e1_0.last_name,
        e1_0.phone,
        e1_0.position,
        e1_0.salary,
        e1_0.status 
    from
        employees e1_0
2025-10-24T11:03:01.961+05:30 DEBUG 15937 --- [nio-8080-exec-8] org.hibernate.SQL                        : 
    select
        e1_0.id,
        e1_0.address,
        e1_0.department,
        e1_0.email,
        e1_0.first_name,
        e1_0.hire_date,
        e1_0.last_name,
        e1_0.phone,
        e1_0.position,
        e1_0.salary,
        e1_0.status 
    from
        employees e1_0
2025-10-24T11:03:01.961+05:30 DEBUG 15937 --- [nio-8080-exec-9] org.hibernate.SQL                        : 
    select
        e1_0.id,
        e1_0.address,
        e1_0.department,
        e1_0.email,
        e1_0.first_name,
        e1_0.hire_date,
        e1_0.last_name,
        e1_0.phone,
        e1_0.position,
        e1_0.salary,
        e1_0.status 
    from
        employees e1_0
Hibernate: 
    select
        e1_0.id,
        e1_0.address,
        e1_0.department,
        e1_0.email,
        e1_0.first_name,
        e1_0.hire_date,
        e1_0.last_name,
        e1_0.phone,
        e1_0.position,
        e1_0.salary,
        e1_0.status 
    from
        employees e1_0
Hibernate: 
    select
        e1_0.id,
        e1_0.address,
        e1_0.department,
        e1_0.email,
        e1_0.first_name,
        e1_0.hire_date,
        e1_0.last_name,
        e1_0.phone,
        e1_0.position,
        e1_0.salary,
        e1_0.status 
    from
        employees e1_0
2025-10-24T11:03:02.894+05:30 DEBUG 15937 --- [io-8080-exec-10] org.hibernate.SQL                        : 
    select
        e1_0.id,
        e1_0.address,
        e1_0.department,
        e1_0.email,
        e1_0.first_name,
        e1_0.hire_date,
        e1_0.last_name,
        e1_0.phone,
        e1_0.position,
        e1_0.salary,
        e1_0.status 
    from
        employees e1_0
Hibernate: 
    select
        e1_0.id,
        e1_0.address,
        e1_0.department,
        e1_0.email,
        e1_0.first_name,
        e1_0.hire_date,
        e1_0.last_name,
        e1_0.phone,
        e1_0.position,
        e1_0.salary,
        e1_0.status 
    from
        employees e1_0
2025-10-24T11:03:02.896+05:30 DEBUG 15937 --- [nio-8080-exec-1] org.hibernate.SQL                        : 
    select
        e1_0.id,
        e1_0.address,
        e1_0.department,
        e1_0.email,
        e1_0.first_name,
        e1_0.hire_date,
        e1_0.last_name,
        e1_0.phone,
        e1_0.position,
        e1_0.salary,
        e1_0.status 
    from
        employees e1_0
Hibernate: 
    select
        e1_0.id,
        e1_0.address,
        e1_0.department,
        e1_0.email,
        e1_0.first_name,
        e1_0.hire_date,
        e1_0.last_name,
        e1_0.phone,
        e1_0.position,
        e1_0.salary,
        e1_0.status 
    from
        employees e1_0
2025-10-24T11:03:03.514+05:30 DEBUG 15937 --- [nio-8080-exec-2] org.hibernate.SQL                        : 
    select
        e1_0.id,
        e1_0.address,
        e1_0.department,
        e1_0.email,
        e1_0.first_name,
        e1_0.hire_date,
        e1_0.last_name,
        e1_0.phone,
        e1_0.position,
        e1_0.salary,
        e1_0.status 
    from
        employees e1_0
Hibernate: 
    select
        e1_0.id,
        e1_0.address,
        e1_0.department,
        e1_0.email,
        e1_0.first_name,
        e1_0.hire_date,
        e1_0.last_name,
        e1_0.phone,
        e1_0.position,
        e1_0.salary,
        e1_0.status 
    from
        employees e1_0
2025-10-24T11:03:03.518+05:30 DEBUG 15937 --- [nio-8080-exec-3] org.hibernate.SQL                        : 
    select
        e1_0.id,
        e1_0.address,
        e1_0.department,
        e1_0.email,
        e1_0.first_name,
        e1_0.hire_date,
        e1_0.last_name,
        e1_0.phone,
        e1_0.position,
        e1_0.salary,
        e1_0.status 
    from
        employees e1_0
Hibernate: 
    select
        e1_0.id,
        e1_0.address,
        e1_0.department,
        e1_0.email,
        e1_0.first_name,
        e1_0.hire_date,
        e1_0.last_name,
        e1_0.phone,
        e1_0.position,
        e1_0.salary,
        e1_0.status 
    from
        employees e1_0
2025-10-24T11:03:03.693+05:30 DEBUG 15937 --- [nio-8080-exec-5] org.hibernate.SQL                        : 
    select
        e1_0.id,
        e1_0.address,
        e1_0.department,
        e1_0.email,
        e1_0.first_name,
        e1_0.hire_date,
        e1_0.last_name,
        e1_0.phone,
        e1_0.position,
        e1_0.salary,
        e1_0.status 
    from
        employees e1_0
Hibernate: 
    select
        e1_0.id,
        e1_0.address,
        e1_0.department,
        e1_0.email,
        e1_0.first_name,
        e1_0.hire_date,
        e1_0.last_name,
        e1_0.phone,
        e1_0.position,
        e1_0.salary,
        e1_0.status 
    from
        employees e1_0
2025-10-24T11:03:03.693+05:30 DEBUG 15937 --- [nio-8080-exec-4] org.hibernate.SQL                        : 
    select
        e1_0.id,
        e1_0.address,
        e1_0.department,
        e1_0.email,
        e1_0.first_name,
        e1_0.hire_date,
        e1_0.last_name,
        e1_0.phone,
        e1_0.position,
        e1_0.salary,
        e1_0.status 
    from
        employees e1_0
Hibernate: 
    select
        e1_0.id,
        e1_0.address,
        e1_0.department,
        e1_0.email,
        e1_0.first_name,
        e1_0.hire_date,
        e1_0.last_name,
        e1_0.phone,
        e1_0.position,
        e1_0.salary,
        e1_0.status 
    from
        employees e1_0
2025-10-24T11:03:04.192+05:30 DEBUG 15937 --- [nio-8080-exec-7] org.hibernate.SQL                        : 
    select
        e1_0.id,
        e1_0.address,
        e1_0.department,
        e1_0.email,
        e1_0.first_name,
        e1_0.hire_date,
        e1_0.last_name,
        e1_0.phone,
        e1_0.position,
        e1_0.salary,
        e1_0.status 
    from
        employees e1_0
Hibernate: 
    select
        e1_0.id,
        e1_0.address,
        e1_0.department,
        e1_0.email,
        e1_0.first_name,
        e1_0.hire_date,
        e1_0.last_name,
        e1_0.phone,
        e1_0.position,
        e1_0.salary,
        e1_0.status 
    from
        employees e1_0
2025-10-24T11:03:04.192+05:30 DEBUG 15937 --- [nio-8080-exec-6] org.hibernate.SQL                        : 
    select
        e1_0.id,
        e1_0.address,
        e1_0.department,
        e1_0.email,
        e1_0.first_name,
        e1_0.hire_date,
        e1_0.last_name,
        e1_0.phone,
        e1_0.position,
        e1_0.salary,
        e1_0.status 
    from
        employees e1_0
Hibernate: 
    select
        e1_0.id,
        e1_0.address,
        e1_0.department,
        e1_0.email,
        e1_0.first_name,
        e1_0.hire_date,
        e1_0.last_name,
        e1_0.phone,
        e1_0.position,
        e1_0.salary,
        e1_0.status 
    from
        employees e1_0
2025-10-24T11:03:06.126+05:30 DEBUG 15937 --- [nio-8080-exec-9] org.hibernate.SQL                        : 
    select
        e1_0.id,
        e1_0.address,
        e1_0.department,
        e1_0.email,
        e1_0.first_name,
        e1_0.hire_date,
        e1_0.last_name,
        e1_0.phone,
        e1_0.position,
        e1_0.salary,
        e1_0.status 
    from
        employees e1_0
Hibernate: 
    select
        e1_0.id,
        e1_0.address,
        e1_0.department,
        e1_0.email,
        e1_0.first_name,
        e1_0.hire_date,
        e1_0.last_name,
        e1_0.phone,
        e1_0.position,
        e1_0.salary,
        e1_0.status 
    from
        employees e1_0
2025-10-24T11:03:06.128+05:30 DEBUG 15937 --- [nio-8080-exec-8] org.hibernate.SQL                        : 
    select
        e1_0.id,
        e1_0.address,
        e1_0.department,
        e1_0.email,
        e1_0.first_name,
        e1_0.hire_date,
        e1_0.last_name,
        e1_0.phone,
        e1_0.position,
        e1_0.salary,
        e1_0.status 
    from
        employees e1_0
Hibernate: 
    select
        e1_0.id,
        e1_0.address,
        e1_0.department,
        e1_0.email,
        e1_0.first_name,
        e1_0.hire_date,
        e1_0.last_name,
        e1_0.phone,
        e1_0.position,
        e1_0.salary,
        e1_0.status 
    from
        employees e1_0
2025-10-24T11:07:31.857+05:30 DEBUG 15937 --- [nio-8080-exec-2] org.hibernate.SQL                        : 
    select
        e1_0.id,
        e1_0.address,
        e1_0.department,
        e1_0.email,
        e1_0.first_name,
        e1_0.hire_date,
        e1_0.last_name,
        e1_0.phone,
        e1_0.position,
        e1_0.salary,
        e1_0.status 
    from
        employees e1_0
Hibernate: 
    select
        e1_0.id,
        e1_0.address,
        e1_0.department,
        e1_0.email,
        e1_0.first_name,
        e1_0.hire_date,
        e1_0.last_name,
        e1_0.phone,
        e1_0.position,
        e1_0.salary,
        e1_0.status 
    from
        employees e1_0
2025-10-24T11:07:31.857+05:30 DEBUG 15937 --- [nio-8080-exec-3] org.hibernate.SQL                        : 
    select
        e1_0.id,
        e1_0.address,
        e1_0.department,
        e1_0.email,
        e1_0.first_name,
        e1_0.hire_date,
        e1_0.last_name,
        e1_0.phone,
        e1_0.position,
        e1_0.salary,
        e1_0.status 
    from
        employees e1_0
Hibernate: 
    select
        e1_0.id,
        e1_0.address,
        e1_0.department,
        e1_0.email,
        e1_0.first_name,
        e1_0.hire_date,
        e1_0.last_name,
        e1_0.phone,
        e1_0.position,
        e1_0.salary,
        e1_0.status 
    from
        employees e1_0
2025-10-24T11:07:43.906+05:30 DEBUG 15937 --- [nio-8080-exec-5] org.hibernate.SQL                        : 
    select
        e1_0.id,
        e1_0.address,
        e1_0.department,
        e1_0.email,
        e1_0.first_name,
        e1_0.hire_date,
        e1_0.last_name,
        e1_0.phone,
        e1_0.position,
        e1_0.salary,
        e1_0.status 
    from
        employees e1_0
Hibernate: 
    select
        e1_0.id,
        e1_0.address,
        e1_0.department,
        e1_0.email,
        e1_0.first_name,
        e1_0.hire_date,
        e1_0.last_name,
        e1_0.phone,
        e1_0.position,
        e1_0.salary,
        e1_0.status 
    from
        employees e1_0
2025-10-24T11:07:43.906+05:30 DEBUG 15937 --- [nio-8080-exec-4] org.hibernate.SQL                        : 
    select
        e1_0.id,
        e1_0.address,
        e1_0.department,
        e1_0.email,
        e1_0.first_name,
        e1_0.hire_date,
        e1_0.last_name,
        e1_0.phone,
        e1_0.position,
        e1_0.salary,
        e1_0.status 
    from
        employees e1_0
Hibernate: 
    select
        e1_0.id,
        e1_0.address,
        e1_0.department,
        e1_0.email,
        e1_0.first_name,
        e1_0.hire_date,
        e1_0.last_name,
        e1_0.phone,
        e1_0.position,
        e1_0.salary,
        e1_0.status 
    from
        employees e1_0
2025-10-24T11:09:27.703+05:30 DEBUG 15937 --- [nio-8080-exec-8] org.hibernate.SQL                        : 
    select
        e1_0.id,
        e1_0.address,
        e1_0.department,
        e1_0.email,
        e1_0.first_name,
        e1_0.hire_date,
        e1_0.last_name,
        e1_0.phone,
        e1_0.position,
        e1_0.salary,
        e1_0.status 
    from
        employees e1_0
Hibernate: 
    select
        e1_0.id,
        e1_0.address,
        e1_0.department,
        e1_0.email,
        e1_0.first_name,
        e1_0.hire_date,
        e1_0.last_name,
        e1_0.phone,
        e1_0.position,
        e1_0.salary,
        e1_0.status 
    from
        employees e1_0
2025-10-24T11:09:27.703+05:30 DEBUG 15937 --- [nio-8080-exec-9] org.hibernate.SQL                        : 
    select
        e1_0.id,
        e1_0.address,
        e1_0.department,
        e1_0.email,
        e1_0.first_name,
        e1_0.hire_date,
        e1_0.last_name,
        e1_0.phone,
        e1_0.position,
        e1_0.salary,
        e1_0.status 
    from
        employees e1_0
Hibernate: 
    select
        e1_0.id,
        e1_0.address,
        e1_0.department,
        e1_0.email,
        e1_0.first_name,
        e1_0.hire_date,
        e1_0.last_name,
        e1_0.phone,
        e1_0.position,
        e1_0.salary,
        e1_0.status 
    from
        employees e1_0
2025-10-24T11:10:20.198+05:30 DEBUG 15937 --- [nio-8080-exec-1] org.hibernate.SQL                        : 
    select
        e1_0.id,
        e1_0.address,
        e1_0.department,
        e1_0.email,
        e1_0.first_name,
        e1_0.hire_date,
        e1_0.last_name,
        e1_0.phone,
        e1_0.position,
        e1_0.salary,
        e1_0.status 
    from
        employees e1_0
Hibernate: 
    select
        e1_0.id,
        e1_0.address,
        e1_0.department,
        e1_0.email,
        e1_0.first_name,
        e1_0.hire_date,
        e1_0.last_name,
        e1_0.phone,
        e1_0.position,
        e1_0.salary,
        e1_0.status 
    from
        employees e1_0
2025-10-24T11:10:20.198+05:30 DEBUG 15937 --- [io-8080-exec-10] org.hibernate.SQL                        : 
    select
        e1_0.id,
        e1_0.address,
        e1_0.department,
        e1_0.email,
        e1_0.first_name,
        e1_0.hire_date,
        e1_0.last_name,
        e1_0.phone,
        e1_0.position,
        e1_0.salary,
        e1_0.status 
    from
        employees e1_0
Hibernate: 
    select
        e1_0.id,
        e1_0.address,
        e1_0.department,
        e1_0.email,
        e1_0.first_name,
        e1_0.hire_date,
        e1_0.last_name,
        e1_0.phone,
        e1_0.position,
        e1_0.salary,
        e1_0.status 
    from
        employees e1_0
2025-10-24T11:10:30.397+05:30 DEBUG 15937 --- [nio-8080-exec-3] org.hibernate.SQL                        : 
    select
        e1_0.id,
        e1_0.address,
        e1_0.department,
        e1_0.email,
        e1_0.first_name,
        e1_0.hire_date,
        e1_0.last_name,
        e1_0.phone,
        e1_0.position,
        e1_0.salary,
        e1_0.status 
    from
        employees e1_0
Hibernate: 
    select
        e1_0.id,
        e1_0.address,
        e1_0.department,
        e1_0.email,
        e1_0.first_name,
        e1_0.hire_date,
        e1_0.last_name,
        e1_0.phone,
        e1_0.position,
        e1_0.salary,
        e1_0.status 
    from
        employees e1_0
2025-10-24T11:15:16.014+05:30 DEBUG 15937 --- [nio-8080-exec-5] org.hibernate.SQL                        : 
    select
        e1_0.id,
        e1_0.address,
        e1_0.department,
        e1_0.email,
        e1_0.first_name,
        e1_0.hire_date,
        e1_0.last_name,
        e1_0.phone,
        e1_0.position,
        e1_0.salary,
        e1_0.status 
    from
        employees e1_0
Hibernate: 
    select
        e1_0.id,
        e1_0.address,
        e1_0.department,
        e1_0.email,
        e1_0.first_name,
        e1_0.hire_date,
        e1_0.last_name,
        e1_0.phone,
        e1_0.position,
        e1_0.salary,
        e1_0.status 
    from
        employees e1_0
2025-10-24T11:15:51.685+05:30 DEBUG 15937 --- [nio-8080-exec-6] org.hibernate.SQL                        : 
    select
        e1_0.id,
        e1_0.address,
        e1_0.department,
        e1_0.email,
        e1_0.first_name,
        e1_0.hire_date,
        e1_0.last_name,
        e1_0.phone,
        e1_0.position,
        e1_0.salary,
        e1_0.status 
    from
        employees e1_0
Hibernate: 
    select
        e1_0.id,
        e1_0.address,
        e1_0.department,
        e1_0.email,
        e1_0.first_name,
        e1_0.hire_date,
        e1_0.last_name,
        e1_0.phone,
        e1_0.position,
        e1_0.salary,
        e1_0.status 
    from
        employees e1_0
2025-10-24T11:15:51.686+05:30 DEBUG 15937 --- [nio-8080-exec-7] org.hibernate.SQL                        : 
    select
        e1_0.id,
        e1_0.address,
        e1_0.department,
        e1_0.email,
        e1_0.first_name,
        e1_0.hire_date,
        e1_0.last_name,
        e1_0.phone,
        e1_0.position,
        e1_0.salary,
        e1_0.status 
    from
        employees e1_0
Hibernate: 
    select
        e1_0.id,
        e1_0.address,
        e1_0.department,
        e1_0.email,
        e1_0.first_name,
        e1_0.hire_date,
        e1_0.last_name,
        e1_0.phone,
        e1_0.position,
        e1_0.salary,
        e1_0.status 
    from
        employees e1_0
2025-10-24T11:15:52.994+05:30 DEBUG 15937 --- [nio-8080-exec-8] org.hibernate.SQL                        : 
    select
        e1_0.id,
        e1_0.address,
        e1_0.department,
        e1_0.email,
        e1_0.first_name,
        e1_0.hire_date,
        e1_0.last_name,
        e1_0.phone,
        e1_0.position,
        e1_0.salary,
        e1_0.status 
    from
        employees e1_0
Hibernate: 
    select
        e1_0.id,
        e1_0.address,
        e1_0.department,
        e1_0.email,
        e1_0.first_name,
        e1_0.hire_date,
        e1_0.last_name,
        e1_0.phone,
        e1_0.position,
        e1_0.salary,
        e1_0.status 
    from
        employees e1_0
2025-10-24T11:15:52.994+05:30 DEBUG 15937 --- [nio-8080-exec-9] org.hibernate.SQL                        : 
    select
        e1_0.id,
        e1_0.address,
        e1_0.department,
        e1_0.email,
        e1_0.first_name,
        e1_0.hire_date,
        e1_0.last_name,
        e1_0.phone,
        e1_0.position,
        e1_0.salary,
        e1_0.status 
    from
        employees e1_0
Hibernate: 
    select
        e1_0.id,
        e1_0.address,
        e1_0.department,
        e1_0.email,
        e1_0.first_name,
        e1_0.hire_date,
        e1_0.last_name,
        e1_0.phone,
        e1_0.position,
        e1_0.salary,
        e1_0.status 
    from
        employees e1_0
2025-10-24T11:27:55.110+05:30 DEBUG 15937 --- [nio-8080-exec-3] org.hibernate.SQL                        : 
    select
        e1_0.id,
        e1_0.address,
        e1_0.department,
        e1_0.email,
        e1_0.first_name,
        e1_0.hire_date,
        e1_0.last_name,
        e1_0.phone,
        e1_0.position,
        e1_0.salary,
        e1_0.status 
    from
        employees e1_0
Hibernate: 
    select
        e1_0.id,
        e1_0.address,
        e1_0.department,
        e1_0.email,
        e1_0.first_name,
        e1_0.hire_date,
        e1_0.last_name,
        e1_0.phone,
        e1_0.position,
        e1_0.salary,
        e1_0.status 
    from
        employees e1_0
2025-10-24T11:30:44.668+05:30  INFO 15937 --- [ionShutdownHook] j.LocalContainerEntityManagerFactoryBean : Closing JPA EntityManagerFactory for persistence unit 'default'
2025-10-24T11:30:44.669+05:30  INFO 15937 --- [ionShutdownHook] com.zaxxer.hikari.HikariDataSource       : HikariPool-1 - Shutdown initiated...
2025-10-24T11:30:44.677+05:30  INFO 15937 --- [ionShutdownHook] com.zaxxer.hikari.HikariDataSource       : HikariPool-1 - Shutdown completed.
